2025-07-22 11:41:16.778976 - User: austi - Path: /admin/
2025-07-22 11:41:16.980522 - User: austi - Path: /favicon.ico
2025-07-22 11:41:17.870296 - User: austi - Path: /admin/
2025-07-22 11:41:17.946114 - User: austi - Path: /favicon.ico
2025-07-22 11:41:18.053549 - User: austi - Path: /admin/
2025-07-22 11:41:18.138494 - User: austi - Path: /favicon.ico
2025-07-22 11:41:18.257843 - User: austi - Path: /admin/
2025-07-22 11:41:18.341427 - User: austi - Path: /favicon.ico
2025-07-22 11:41:18.445770 - User: austi - Path: /admin/
2025-07-22 11:41:18.518967 - User: austi - Path: /favicon.ico
2025-07-22 11:41:53.456446 - User: austi - Path: /admin/
2025-07-22 11:41:55.516231 - User: austi - Path: /favicon.ico
2025-07-22 11:42:02.178095 - User: austi - Path: /admin/chats/user/
2025-07-22 11:42:03.195550 - User: austi - Path: /admin/jsi18n/
2025-07-22 11:42:09.779917 - User: austi - Path: /admin/
2025-07-22 11:42:20.019449 - User: austi - Path: /admin/chats/user/ca663a62-9d29-40f4-bdaa-c5a5361d0946/change/
2025-07-22 11:42:20.527320 - User: austi - Path: /admin/jsi18n/
2025-07-22 11:58:34.764583 - User: austi - Path: /admin/chats/user/ca663a62-9d29-40f4-bdaa-c5a5361d0946/change/
2025-07-22 11:58:38.531832 - User: austi - Path: /admin/
2025-07-22 11:58:48.465351 - User: austi - Path: /admin/
2025-07-22 11:58:54.456579 - User: austi - Path: /admin/
2025-07-22 11:58:58.959741 - User: austi - Path: /admin/
2025-07-22 19:50:04.549995 - User: austi - Path: /admin/chats/user/ca663a62-9d29-40f4-bdaa-c5a5361d0946/change/
2025-07-22 19:50:06.158278 - User: austi - Path: /admin/chats/user/ca663a62-9d29-40f4-bdaa-c5a5361d0946/change/
2025-07-22 23:20:39.315467 - User: austi - Path: /api/conversations/
2025-07-22 23:20:41.643102 - User: austi - Path: /api/conversations/
2025-07-22 23:20:42.146418 - User: austi - Path: /api/conversations/
2025-07-22 23:20:42.339159 - User: austi - Path: /api/conversations/
2025-07-22 23:20:42.563010 - User: austi - Path: /api/conversations/
2025-07-22 23:20:42.815637 - User: austi - Path: /api/conversations/
2025-07-22 23:20:42.994130 - User: austi - Path: /api/conversations/
2025-07-22 23:20:43.369740 - User: austi - Path: /api/conversations/
2025-07-22 23:20:44.481768 - User: austi - Path: /api/conversations/
2025-07-22 23:20:52.479944 - User: austi - Path: /admin/
2025-07-22 23:21:05.501995 - User: austi - Path: /api/messages/
2025-07-22 23:23:37.893256 - User: austi - Path: /api/messages/
2025-07-22 23:23:39.446528 - User: austi - Path: /api/messages/
2025-07-22 23:23:43.828690 - User: austi - Path: /api/messages/
2025-07-22 23:24:50.777896 - User: austi - Path: /api/messages/
2025-07-22 23:24:53.488497 - User: austi - Path: /api/messages/
2025-07-22 23:24:54.458425 - User: austi - Path: /api/messages/
2025-07-22 23:24:58.840881 - User: austi - Path: /admin/
2025-07-22 23:25:19.648546 - User: austi - Path: /admin/
2025-07-22 23:27:24.459018 - User: austi - Path: /admin/
2025-07-22 23:28:48.954752 - User: austi - Path: /admin/
2025-07-22 23:29:48.847850 - User: austi - Path: /admin/
2025-07-22 23:30:50.709624 - User: austi - Path: /admin/
2025-07-22 23:31:54.023230 - User: austi - Path: /admin/
2025-07-22 23:32:55.858145 - User: austi - Path: /admin/
2025-07-22 23:34:10.586376 - User: austi - Path: /admin/
2025-07-22 23:35:14.535001 - User: austi - Path: /admin/
2025-07-22 23:35:28.791601 - User: austi - Path: /admin/
2025-07-22 23:35:33.358809 - User: austi - Path: /admin/chats/
2025-07-22 23:35:34.857446 - User: austi - Path: /admin/chats/
2025-07-22 23:35:37.007576 - User: austi - Path: /admin/
2025-07-22 23:35:38.345390 - User: austi - Path: /admin/auth/group/
2025-07-22 23:35:38.682072 - User: austi - Path: /admin/jsi18n/
2025-07-22 23:36:05.035251 - User: austi - Path: /admin/chats/user/
2025-07-22 23:36:05.310303 - User: austi - Path: /admin/jsi18n/
2025-07-22 23:44:39.561315 - User: austi - Path: /admin/chats/user/ec1574b9-579d-4c10-8a94-9823be377fcf/change/
2025-07-22 23:44:40.074875 - User: austi - Path: /admin/jsi18n/
